<?xml version="1.0" encoding="utf-8"?><testsuites name="pytest tests"><testsuite name="pytest" errors="0" failures="1" skipped="0" tests="9" time="3.292" timestamp="2026-09-16T10:43:13.610308+00:00" hostname="agent-env-b0237fc9-a7d3-4259-b05f-2b2fd88cf489"><testcase classname="tests.test_auth" name="test_auth_me_unauthenticated" time="0.214" /><testcase classname="tests.test_auth" name="test_create_batch_requires_auth" time="0.168" /><testcase classname="tests.test_auth" name="test_list_batches_public" time="0.143" /><testcase classname="tests.test_auth" name="test_telemetry_public" time="0.119" /><testcase classname="tests.test_auth" name="test_system_status_public" time="0.155" /><testcase classname="tests.test_auth" name="test_login_wrong_password" time="0.119" /><testcase classname="tests.test_auth" name="test_login_success_and_me_and_logout" time="0.672" /><testcase classname="tests.test_auth" name="test_brute_force_lockout" time="0.821"><failure message="AssertionError: expected 429 in [401, 401, 401, 401, 401, 401]&#10;assert 429 in [401, 401, 401, 401, 401, 401]">backend/tests/test_auth.py:92: in test_brute_force_lockout
    assert 429 in codes, f"expected 429 in {codes}"
E   AssertionError: expected 429 in [401, 401, 401, 401, 401, 401]
E   assert 429 in [401, 401, 401, 401, 401, 401]</failure></testcase><testcase classname="tests.test_auth" name="test_admin_login_still_works_after_lockout" time="0.361" /></testsuite></testsuites>