<?xml version="1.0" encoding="utf-8"?><testsuites name="pytest tests"><testsuite name="pytest" errors="0" failures="0" skipped="0" tests="17" time="5.350" timestamp="2026-09-16T10:44:32.777262+00:00" hostname="agent-env-b0237fc9-a7d3-4259-b05f-2b2fd88cf489"><testcase classname="tests.test_auth" name="test_auth_me_unauthenticated" time="0.171" /><testcase classname="tests.backend_test" name="test_telemetry" time="0.249" /><testcase classname="tests.test_auth" name="test_create_batch_requires_auth" time="0.141" /><testcase classname="tests.backend_test" name="test_list_batches_seeded" time="0.284" /><testcase classname="tests.test_auth" name="test_list_batches_public" time="0.124" /><testcase classname="tests.test_auth" name="test_telemetry_public" time="0.139" /><testcase classname="tests.backend_test" name="test_get_batch" time="0.140" /><testcase classname="tests.test_auth" name="test_system_status_public" time="0.175" /><testcase classname="tests.backend_test" name="test_get_batch_404" time="0.116" /><testcase classname="tests.test_auth" name="test_login_wrong_password" time="0.114" /><testcase classname="tests.test_auth" name="test_login_success_and_me_and_logout" time="0.976" /><testcase classname="tests.backend_test" name="test_create_batch_and_persistence" time="0.661" /><testcase classname="tests.backend_test" name="test_patch_batch" time="0.538" /><testcase classname="tests.test_auth" name="test_brute_force_lockout" time="2.626" /><testcase classname="tests.backend_test" name="test_energy_summary" time="0.151" /><testcase classname="tests.backend_test" name="test_system_status" time="0.141" /><testcase classname="tests.test_auth" name="test_admin_login_still_works_after_lockout" time="0.380" /></testsuite></testsuites>