<?xml version="1.0" encoding="utf-8"?><testsuites name="pytest tests"><testsuite name="pytest" errors="0" failures="0" skipped="0" tests="18" time="5.200" timestamp="2026-09-20T20:36:28.592084+00:00" hostname="agent-env-b0237fc9-a7d3-4259-b05f-2b2fd88cf489"><testcase classname="tests.backend_test" name="test_telemetry" time="0.315" /><testcase classname="tests.backend_test" name="test_list_batches_migrated_statuses" time="0.166" /><testcase classname="tests.backend_test" name="test_get_batch_seed" time="0.128" /><testcase classname="tests.backend_test" name="test_get_batch_404" time="0.144" /><testcase classname="tests.backend_test" name="test_status_endpoint_requires_auth" time="0.148" /><testcase classname="tests.backend_test" name="test_events_endpoint_requires_auth" time="0.140" /><testcase classname="tests.backend_test" name="test_create_batch_requires_auth" time="0.113" /><testcase classname="tests.backend_test" name="test_workflow_create_planned" time="0.452" /><testcase classname="tests.backend_test" name="test_workflow_start_processing" time="0.445" /><testcase classname="tests.backend_test" name="test_workflow_pause_resume" time="0.489" /><testcase classname="tests.backend_test" name="test_workflow_custom_event" time="0.446" /><testcase classname="tests.backend_test" name="test_workflow_complete_with_final_weight" time="0.465" /><testcase classname="tests.backend_test" name="test_workflow_persists_on_reopen" time="0.209" /><testcase classname="tests.backend_test" name="test_invalid_status_returns_400" time="0.456" /><testcase classname="tests.backend_test" name="test_status_on_missing_batch_404" time="0.479" /><testcase classname="tests.backend_test" name="test_trace_public" time="0.188" /><testcase classname="tests.backend_test" name="test_energy_summary" time="0.151" /><testcase classname="tests.backend_test" name="test_system_status" time="0.168" /></testsuite></testsuites>